# JRE version: OpenJDK Runtime Environment Temurin-17.0.10+7 (17.0.10+7) (build 17.0.10+7)
# Java VM: OpenJDK 64-Bit Server VM Temurin-17.0.10+7 (17.0.10+7, mixed mode, emulated-client, tiered, compressed oops, compressed class ptrs, g1 gc, windows-amd64)
GC Precious Log:
 CPUs: 4 total, 4 available
 Memory: 12055M
 Large Page Support: Disabled
 NUMA Support: Disabled
 Compressed Oops: Enabled (32-bit)
 Heap Region Size: 1M
 Heap Min Capacity: 8M
 Heap Initial Capacity: 190M
 Heap Max Capacity: 1G
 Pre-touch: Disabled
 Parallel Workers: 4
 Concurrent Workers: 1
 Concurrent Refinement Workers: 4
 Periodic GC: Disabled
Heap:
 garbage-first heap   total 106496K, used 35522K [0x00000000c0000000, 0x0000000100000000)
  region size 1024K, 1 young (1024K), 0 survivors (0K)
 Metaspace       used 60212K, committed 60672K, reserved 1114112K
  class space    used 7533K, committed 7744K, reserved 1048576K
GC Heap History (20 events):
Event: 18319.410 GC heap before
{Heap before GC invocations=1581 (full 1530):
 garbage-first heap   total 106496K, used 35522K [0x00000000c0000000, 0x0000000100000000)
  region size 1024K, 1 young (1024K), 0 survivors (0K)
 Metaspace       used 60212K, committed 60672K, reserved 1114112K
  class space    used 7533K, committed 7744K, reserved 1048576K
}
Event: 18319.459 GC heap after
{Heap after GC invocations=1582 (full 1531):
 garbage-first heap   total 106496K, used 35522K [0x00000000c0000000, 0x0000000100000000)
  region size 1024K, 0 young (0K), 0 survivors (0K)
 Metaspace       used 60212K, committed 60672K, reserved 1114112K
  class space    used 7533K, committed 7744K, reserved 1048576K
}
Event: 18331.835 GC heap before
{Heap before GC invocations=1582 (full 1531):
 garbage-first heap   total 106496K, used 35522K [0x00000000c0000000, 0x0000000100000000)
  region size 1024K, 1 young (1024K), 0 survivors (0K)
 Metaspace       used 60212K, committed 60672K, reserved 1114112K
  class space    used 7533K, committed 7744K, reserved 1048576K
}
Event: 18331.894 GC heap after
{Heap after GC invocations=1583 (full 1532):
 garbage-first heap   total 106496K, used 35522K [0x00000000c0000000, 0x0000000100000000)
  region size 1024K, 0 young (0K), 0 survivors (0K)
 Metaspace       used 60212K, committed 60672K, reserved 1114112K
  class space    used 7533K, committed 7744K, reserved 1048576K
}
Event: 18343.739 GC heap before
{Heap before GC invocations=1583 (full 1532):
 garbage-first heap   total 106496K, used 35522K [0x00000000c0000000, 0x0000000100000000)
  region size 1024K, 1 young (1024K), 0 survivors (0K)
 Metaspace       used 60212K, committed 60672K, reserved 1114112K
  class space    used 7533K, committed 7744K, reserved 1048576K
}
Event: 18343.799 GC heap after
{Heap after GC invocations=1584 (full 1533):
 garbage-first heap   total 106496K, used 35522K [0x00000000c0000000, 0x0000000100000000)
  region size 1024K, 0 young (0K), 0 survivors (0K)
 Metaspace       used 60212K, committed 60672K, reserved 1114112K
  class space    used 7533K, committed 7744K, reserved 1048576K
}
Event: 18353.968 GC heap before
{Heap before GC invocations=1584 (full 1533):
 garbage-first heap   total 106496K, used 35522K [0x00000000c0000000, 0x0000000100000000)
  region size 1024K, 1 young (1024K), 0 survivors (0K)
 Metaspace       used 60212K, committed 60672K, reserved 1114112K
  class space    used 7533K, committed 7744K, reserved 1048576K
}
Event: 18354.014 GC heap after
{Heap after GC invocations=1585 (full 1534):
 garbage-first heap   total 106496K, used 35522K [0x00000000c0000000, 0x0000000100000000)
  region size 1024K, 0 young (0K), 0 survivors (0K)
 Metaspace       used 60212K, committed 60672K, reserved 1114112K
  class space    used 7533K, committed 7744K, reserved 1048576K
}
Event: 18364.295 GC heap before
{Heap before GC invocations=1585 (full 1534):
 garbage-first heap   total 106496K, used 35522K [0x00000000c0000000, 0x0000000100000000)
  region size 1024K, 1 young (1024K), 0 survivors (0K)
 Metaspace       used 60212K, committed 60672K, reserved 1114112K
  class space    used 7533K, committed 7744K, reserved 1048576K
}
Event: 18364.352 GC heap after
{Heap after GC invocations=1586 (full 1535):
 garbage-first heap   total 106496K, used 35522K [0x00000000c0000000, 0x0000000100000000)
  region size 1024K, 0 young (0K), 0 survivors (0K)
 Metaspace       used 60212K, committed 60672K, reserved 1114112K
  class space    used 7533K, committed 7744K, reserved 1048576K
}
Event: 18375.476 GC heap before
{Heap before GC invocations=1586 (full 1535):
 garbage-first heap   total 106496K, used 35522K [0x00000000c0000000, 0x0000000100000000)
  region size 1024K, 1 young (1024K), 0 survivors (0K)
 Metaspace       used 60212K, committed 60672K, reserved 1114112K
  class space    used 7533K, committed 7744K, reserved 1048576K
}
Event: 18375.531 GC heap after
{Heap after GC invocations=1587 (full 1536):
 garbage-first heap   total 106496K, used 35522K [0x00000000c0000000, 0x0000000100000000)
  region size 1024K, 0 young (0K), 0 survivors (0K)
 Metaspace       used 60212K, committed 60672K, reserved 1114112K
  class space    used 7533K, committed 7744K, reserved 1048576K
}
Event: 18385.818 GC heap before
{Heap before GC invocations=1587 (full 1536):
 garbage-first heap   total 106496K, used 35522K [0x00000000c0000000, 0x0000000100000000)
  region size 1024K, 1 young (1024K), 0 survivors (0K)
 Metaspace       used 60212K, committed 60672K, reserved 1114112K
  class space    used 7533K, committed 7744K, reserved 1048576K
}
Event: 18385.872 GC heap after
{Heap after GC invocations=1588 (full 1537):
 garbage-first heap   total 106496K, used 35522K [0x00000000c0000000, 0x0000000100000000)
  region size 1024K, 0 young (0K), 0 survivors (0K)
 Metaspace       used 60212K, committed 60672K, reserved 1114112K
  class space    used 7533K, committed 7744K, reserved 1048576K
}
Event: 18396.564 GC heap before
{Heap before GC invocations=1588 (full 1537):
 garbage-first heap   total 106496K, used 35522K [0x00000000c0000000, 0x0000000100000000)
  region size 1024K, 1 young (1024K), 0 survivors (0K)
 Metaspace       used 60212K, committed 60672K, reserved 1114112K
  class space    used 7533K, committed 7744K, reserved 1048576K
}
Event: 18396.623 GC heap after
{Heap after GC invocations=1589 (full 1538):
 garbage-first heap   total 106496K, used 35522K [0x00000000c0000000, 0x0000000100000000)
  region size 1024K, 0 young (0K), 0 survivors (0K)
 Metaspace       used 60212K, committed 60672K, reserved 1114112K
  class space    used 7533K, committed 7744K, reserved 1048576K
}
Event: 18407.814 GC heap before
{Heap before GC invocations=1589 (full 1538):
 garbage-first heap   total 106496K, used 35522K [0x00000000c0000000, 0x0000000100000000)
  region size 1024K, 1 young (1024K), 0 survivors (0K)
 Metaspace       used 60212K, committed 60672K, reserved 1114112K
  class space    used 7533K, committed 7744K, reserved 1048576K
}
Event: 18407.871 GC heap after
{Heap after GC invocations=1590 (full 1539):
 garbage-first heap   total 106496K, used 35522K [0x00000000c0000000, 0x0000000100000000)
  region size 1024K, 0 young (0K), 0 survivors (0K)
 Metaspace       used 60212K, committed 60672K, reserved 1114112K
  class space    used 7533K, committed 7744K, reserved 1048576K
}
Event: 18418.712 GC heap before
{Heap before GC invocations=1590 (full 1539):
 garbage-first heap   total 106496K, used 35522K [0x00000000c0000000, 0x0000000100000000)
  region size 1024K, 1 young (1024K), 0 survivors (0K)
 Metaspace       used 60212K, committed 60672K, reserved 1114112K
  class space    used 7533K, committed 7744K, reserved 1048576K
}
Event: 18418.773 GC heap after
{Heap after GC invocations=1591 (full 1540):
 garbage-first heap   total 106496K, used 35522K [0x00000000c0000000, 0x0000000100000000)
  region size 1024K, 0 young (0K), 0 survivors (0K)
 Metaspace       used 60212K, committed 60672K, reserved 1114112K
  class space    used 7533K, committed 7744K, reserved 1048576K
}

